{
  "RSpec": {
    "coverage": {
      "/Users/user/Documents/Projects/week3/battle/app.rb": [
        1,
        1,
        1,
        null,
        1,
        null,
        1,
        null,
        1,
        10,
        null,
        null,
        1,
        5,
        5,
        5,
        5,
        null,
        null,
        1,
        5,
        5,
        null,
        null,
        1,
        2,
        2,
        2,
        null,
        null,
        1,
        2,
        null,
        null,
        1,
        null,
        null
      ],
      "/Users/user/Documents/Projects/week3/battle/lib/player.rb": [
        1,
        null,
        1,
        null,
        1,
        null,
        1,
        14,
        14,
        null,
        null,
        1,
        3,
        null,
        null,
        null
      ],
      "/Users/user/Documents/Projects/week3/battle/lib/game.rb": [
        1,
        null,
        1,
        null,
        1,
        null,
        1,
        8,
        null,
        null,
        1,
        18,
        null,
        null,
        1,
        20,
        null,
        null,
        1,
        3,
        null,
        null,
        null
      ],
      "/Users/user/Documents/Projects/week3/battle/spec/features/web_helpers.rb": [
        1,
        5,
        5,
        5,
        5,
        null
      ],
      "/Users/user/Documents/Projects/week3/battle/spec/features/features_spec.rb": [
        1,
        null,
        1,
        null,
        1,
        1,
        5,
        null,
        null,
        1,
        1,
        null,
        null,
        1,
        1,
        null,
        null,
        1,
        1,
        2,
        null,
        null,
        1,
        2,
        null,
        null,
        1,
        2,
        null,
        null,
        null,
        null,
        1,
        1,
        4,
        null,
        null,
        1,
        1,
        null,
        null,
        1,
        1,
        null,
        null,
        1,
        2,
        null,
        null,
        1,
        1,
        1,
        null,
        null,
        null,
        1,
        1,
        1,
        1,
        2,
        null,
        null,
        null,
        null
      ],
      "/Users/user/Documents/Projects/week3/battle/spec/features/game_spec.rb": [
        1,
        null,
        1,
        null,
        4,
        4,
        4,
        null,
        1,
        1,
        1,
        1,
        null,
        null,
        null,
        1,
        1,
        1,
        null,
        null,
        null,
        1,
        1,
        1,
        null,
        null,
        null,
        null
      ],
      "/Users/user/Documents/Projects/week3/battle/spec/player_spec.rb": [
        1,
        null,
        1,
        4,
        2,
        null,
        1,
        1,
        null,
        null,
        1,
        1,
        null,
        null,
        1,
        1,
        null,
        null,
        1,
        1,
        4,
        null,
        null,
        null,
        null
      ]
    },
    "timestamp": 1498148280
  }
}
